Arguments: 
  C:\Program Files\nodejs\node.exe C:\Program Files (x86)\Yarn\bin\yarn.js install

PATH: 
  C:\Program Files\WindowsApps\Microsoft.PowerShell_7.1.3.0_x64__8wekyb3d8bbwe;C:\Program Files (x86)\VMware\VMware Workstation\bin\;C:\WINDOWS\system32;C:\WINDOWS;C:\WINDOWS\System32\Wbem;C:\WINDOWS\System32\WindowsPowerShell\v1.0\;C:\WINDOWS\System32\OpenSSH\;C:\Program Files\dotnet\;C:\Program Files\Microsoft SQL Server\130\Tools\Binn\;C:\Program Files\Microsoft SQL Server\Client SDK\ODBC\170\Tools\Binn\;C:\Program Files (x86)\Microsoft SQL Server\150\DTS\Binn\;C:\Program Files (x86)\Microsoft SQL Server\150\Tools\Binn\;C:\Program Files\Microsoft SQL Server\150\Tools\Binn\;C:\Program Files\Microsoft SQL Server\150\DTS\Binn\;C:\Program Files (x86)\Yarn\bin\;C:\Program Files (x86)\NVIDIA Corporation\PhysX\Common;C:\Program Files\NVIDIA Corporation\NVIDIA NvDLISR;C:\WINDOWS\system32;C:\WINDOWS;C:\WINDOWS\System32\Wbem;C:\WINDOWS\System32\WindowsPowerShell\v1.0\;C:\WINDOWS\System32\OpenSSH\;C:\Program Files\Azure Data Studio\bin;C:\Program Files\PuTTY\;C:\Program Files\Amazon\AWSCLIV2\;C:\Program Files\Git\cmd;C:\Program Files\Amazon\AWSSAMCLI\bin\;C:\Program Files\nodejs\;C:\Users\scorp\AppData\Local\Programs\Python\Python39\Scripts\;C:\Users\scorp\AppData\Local\Programs\Python\Python39\;C:\Users\scorp\AppData\Local\Microsoft\WindowsApps;;C:\Program Files\JetBrains\IntelliJ IDEA 2020.1.1\bin;;C:\Users\scorp\AppData\Local\Programs\Microsoft VS Code\bin;C:\Program Files\heroku\bin;C:\Users\scorp\AppData\Local\Yarn\bin;C:\Program Files\Azure Data Studio\bin;C:\Users\scorp\AppData\Roaming\npm;C:\Users\scorp\.dotnet\tools

Yarn version: 
  1.22.5

Node version: 
  14.16.0

Platform: 
  win32 x64

Trace: 
  Error: getaddrinfo ENOTFOUND registry.yarnpkg.com
      at GetAddrInfoReqWrap.onlookup [as oncomplete] (dns.js:67:26)

npm manifest: 
  {
    "name": "trillo",
    "version": "1.0.0",
    "description": "Landing page for trillo",
    "main": "index.js",
    "scripts": {
      "watch:sass": "node-sass sass/main.scss css/style.css -w",
      "devserver": "live-server",
      "start": "concurrently \"yarn devserver\" \"yarn watch:sass\"",
      "compile:sass": "node-sass sass/main.scss css/style.comp.css",
      "prefix:css": "postcss --use autoprefixer -b 'last 10 versions' css/style.comp.css -o css/style.prefix.css",
      "compress:css": "node-sass css/style.prefix.css css/style.css --output-style compressed",
      "build:css": "concurrently \"yarn compile:sass\" \"yarn prefix:css\" \"yarn compress:css\""
    },
    "author": "Pratik Kenaudekar",
    "license": "MIT",
    "devDependencies": {
      "autoprefixer": "^10.2.5",
      "concat": "^1.0.3",
      "node-sass": "^5.0.0",
      "postcss": "^8.2.8",
      "postcss-cli": "^8.3.1"
    },
    "dependencies": {
      "concurrently": "^6.0.0"
    }
  }

yarn manifest: 
  No manifest

Lockfile: 
  No lockfile
